<?xml version="1.0"?>
<testsuite name="Chrome Headless 136.0.0.0 (Linux x86_64)" package="" timestamp="2025-05-13T00:26:41" id="0" hostname="dxckrr-hp-laptop" tests="27" errors="0" failures="0" time="0.299">
  <properties>
    <property name="browser.fullName" value="Mozilla/5.0 (X11; Linux x86_64) AppleWebKit/537.36 (KHTML, like Gecko) HeadlessChrome/136.0.0.0 Safari/537.36"/>
  </properties>
  <testcase name="LandingTextComponent should apply hovered class on mouseenter and remove it on mouseleave" time="0.042" classname="LandingTextComponent"/>
  <testcase name="LandingNavBarComponent should load datos from the API on init" time="0.034" classname="LandingNavBarComponent"/>
  <testcase name="LandingNavBarComponent should create" time="0.005" classname="LandingNavBarComponent"/>
  <testcase name="LandingNavBarComponent should toggle mobile menu" time="0.004" classname="LandingNavBarComponent"/>
  <testcase name="LandingTextComponent with multiple languages should render correctly in kr" time="0.004" classname="LandingTextComponent with multiple languages"/>
  <testcase name="LandingTextComponent with multiple languages should render correctly in es" time="0.004" classname="LandingTextComponent with multiple languages"/>
  <testcase name="LandingTextComponent with multiple languages should render correctly in en" time="0.006" classname="LandingTextComponent with multiple languages"/>
  <testcase name="LandingTextComponent with multiple languages should create the component" time="0.005" classname="LandingTextComponent with multiple languages"/>
  <testcase name="PlayListSongItemComponent should display title, artist, album and duration" time="0.05" classname="PlayListSongItemComponent"/>
  <testcase name="PlayListSongItemComponent should display the image" time="0.008" classname="PlayListSongItemComponent"/>
  <testcase name="PlayListSongItemComponent should create" time="0.004" classname="PlayListSongItemComponent"/>
  <testcase name="Unit Test - formatDuration should handle zero duration" time="0.001" classname="Unit Test - formatDuration"/>
  <testcase name="Unit Test - formatDuration should format 2 minutes 3 seconds" time="0" classname="Unit Test - formatDuration"/>
  <testcase name="Unit Test - formatDuration should return 00:00 for invalid input (not a number)" time="0.001" classname="Unit Test - formatDuration"/>
  <testcase name="Unit Test - formatDuration should handle full minutes with zero seconds" time="0" classname="Unit Test - formatDuration"/>
  <testcase name="Unit Test - formatDuration should return 00:00 for invalid input (NaN)" time="0.001" classname="Unit Test - formatDuration"/>
  <testcase name="Unit Test - formatDuration should format 1 minute 1 second" time="0" classname="Unit Test - formatDuration"/>
  <testcase name="Unit Test - formatDuration should handle less than a minute" time="0" classname="Unit Test - formatDuration"/>
  <testcase name="SongHeroComponent should create" time="0.017" classname="SongHeroComponent"/>
  <testcase name="SongHeroComponent should render total songs and formatted duration" time="0.002" classname="SongHeroComponent"/>
  <testcase name="NavbarAppComponent should call authService.initialize on init" time="0.067" classname="NavbarAppComponent"/>
  <testcase name="NavbarAppComponent should toggle the login option" time="0.008" classname="NavbarAppComponent"/>
  <testcase name="NavbarAppComponent should toggle mobile menu" time="0.004" classname="NavbarAppComponent"/>
  <testcase name="NavbarAppComponent should create the navbar" time="0.006" classname="NavbarAppComponent"/>
  <testcase name="NavbarAppComponent should check if user is logged" time="0.011" classname="NavbarAppComponent"/>
  <testcase name="NavbarAppComponent should logout and refresh userProfile$" time="0.009" classname="NavbarAppComponent"/>
  <testcase name="AppComponent should create the app" time="0.006" classname="AppComponent"/>
  <system-out>
    <![CDATA[Chrome Headless 136.0.0.0 (Linux x86_64) LOG: 'Bounsic works in testing!'
,Chrome Headless 136.0.0.0 (Linux x86_64) LOG: 'Bounsic works in testing!'
,Chrome Headless 136.0.0.0 (Linux x86_64) LOG: 'Bounsic works in testing!'

]]>
  </system-out>
  <system-err/>
</testsuite>