<?xml version="1.0"?>
<testsuite name="Chrome Headless 135.0.0.0 (Windows 10)" package="" timestamp="2025-05-01T03:20:34" id="0" hostname="DESKTOP-9752NFV" tests="25" errors="0" failures="0" time="0.183">
  <properties>
    <property name="browser.fullName" value="Mozilla/5.0 (Windows NT 10.0; Win64; x64) AppleWebKit/537.36 (KHTML, like Gecko) HeadlessChrome/135.0.0.0 Safari/537.36"/>
  </properties>
  <testcase name="LandingNavBarComponent should toggle mobile menu" time="0.055" classname="LandingNavBarComponent"/>
  <testcase name="LandingNavBarComponent should load datos from the API on init" time="0.007" classname="LandingNavBarComponent"/>
  <testcase name="LandingNavBarComponent should create" time="0.004" classname="LandingNavBarComponent"/>
  <testcase name="NavbarAppComponent should logout and refresh userProfile$" time="0.046" classname="NavbarAppComponent"/>
  <testcase name="NavbarAppComponent should check if user is logged" time="0.006" classname="NavbarAppComponent"/>
  <testcase name="NavbarAppComponent should call authService.initialize on init" time="0.004" classname="NavbarAppComponent"/>
  <testcase name="NavbarAppComponent should create the navbar" time="0.005" classname="NavbarAppComponent"/>
  <testcase name="NavbarAppComponent should toggle the login option" time="0.004" classname="NavbarAppComponent"/>
  <testcase name="NavbarAppComponent should toggle mobile menu" time="0.006" classname="NavbarAppComponent"/>
  <testcase name="Unit Test - formatDuration should handle only hours" time="0" classname="Unit Test - formatDuration"/>
  <testcase name="Unit Test - formatDuration should format single hour and minute" time="0" classname="Unit Test - formatDuration"/>
  <testcase name="Unit Test - formatDuration should handle only minutes" time="0.001" classname="Unit Test - formatDuration"/>
  <testcase name="Unit Test - formatDuration should format plural correctly" time="0" classname="Unit Test - formatDuration"/>
  <testcase name="Unit Test - formatDuration should handle zeroes" time="0" classname="Unit Test - formatDuration"/>
  <testcase name="AppComponent should create the app" time="0.004" classname="AppComponent"/>
  <testcase name="PlayListSongItemComponent should display title, artist, album and duration" time="0.007" classname="PlayListSongItemComponent"/>
  <testcase name="PlayListSongItemComponent should display the image" time="0.003" classname="PlayListSongItemComponent"/>
  <testcase name="PlayListSongItemComponent should create" time="0.002" classname="PlayListSongItemComponent"/>
  <testcase name="LandingTextComponent should apply hovered class on mouseenter and remove it on mouseleave" time="0.008" classname="LandingTextComponent"/>
  <testcase name="SongHeroComponent should render total songs and formatted duration" time="0.008" classname="SongHeroComponent"/>
  <testcase name="SongHeroComponent should create" time="0.003" classname="SongHeroComponent"/>
  <testcase name="LandingTextComponent with multiple languages should render correctly in en" time="0.002" classname="LandingTextComponent with multiple languages"/>
  <testcase name="LandingTextComponent with multiple languages should render correctly in es" time="0.002" classname="LandingTextComponent with multiple languages"/>
  <testcase name="LandingTextComponent with multiple languages should create the component" time="0.002" classname="LandingTextComponent with multiple languages"/>
  <testcase name="LandingTextComponent with multiple languages should render correctly in kr" time="0.004" classname="LandingTextComponent with multiple languages"/>
  <system-out>
    <![CDATA[Chrome Headless 135.0.0.0 (Windows 10) LOG: 'Bounsic works in testing!'
,Chrome Headless 135.0.0.0 (Windows 10) LOG: 'Bounsic works in testing!'
,Chrome Headless 135.0.0.0 (Windows 10) LOG: 'Bounsic works in testing!'

]]>
  </system-out>
  <system-err/>
</testsuite>